{"meta": {"format": 3, "version": "7.10.7", "timestamp": "2025-10-03T13:34:35.321048", "branch_coverage": false, "show_contexts": false}, "files": {".nox/test-3-14/lib/python3.14/site-packages/asap_o_matic/__init__.py": {"executed_lines": [1, 9, 13], "summary": {"covered_lines": 2, "num_statements": 2, "percent_covered": 100.0, "percent_covered_display": "100", "missing_lines": 0, "excluded_lines": 0}, "missing_lines": [], "excluded_lines": [], "functions": {"": {"executed_lines": [1, 9, 13], "summary": {"covered_lines": 2, "num_statements": 2, "percent_covered": 100.0, "percent_covered_display": "100", "missing_lines": 0, "excluded_lines": 0}, "missing_lines": [], "excluded_lines": []}}, "classes": {"": {"executed_lines": [1, 9, 13], "summary": {"covered_lines": 2, "num_statements": 2, "percent_covered": 100.0, "percent_covered_display": "100", "missing_lines": 0, "excluded_lines": 0}, "missing_lines": [], "excluded_lines": []}}}, ".nox/test-3-14/lib/python3.14/site-packages/asap_o_matic/__main__.py": {"executed_lines": [1, 2, 3, 4, 5, 6, 7, 9, 10, 11, 14, 18, 19, 20, 21, 22, 24, 26, 27, 28, 33, 34, 35, 38, 39, 40, 43, 44, 46, 54, 57, 64, 65, 80, 93, 94, 95, 96, 97, 98, 99, 100, 101, 102, 105, 107, 108, 109, 110, 111, 112, 113, 116, 117, 118, 119, 122, 139, 142, 144, 145, 146, 147, 148, 151, 152, 181, 182, 183, 185, 186, 187, 190, 191, 194, 202, 206, 207, 208, 211, 212, 213], "summary": {"covered_lines": 82, "num_statements": 144, "percent_covered": 56.94444444444444, "percent_covered_display": "57", "missing_lines": 62, "excluded_lines": 2}, "missing_lines": [59, 60, 61, 76, 115, 196, 198, 299, 300, 301, 302, 304, 306, 307, 308, 310, 313, 314, 315, 317, 318, 319, 320, 321, 322, 323, 324, 326, 327, 328, 329, 331, 332, 333, 334, 335, 336, 337, 338, 339, 340, 341, 342, 345, 346, 347, 349, 350, 351, 364, 365, 375, 376, 377, 379, 380, 381, 383, 384, 385, 387, 389], "excluded_lines": [29, 30], "functions": {"version_callback": {"executed_lines": [], "summary": {"covered_lines": 0, "num_statements": 3, "percent_covered": 0.0, "percent_covered_display": "0", "missing_lines": 3, "excluded_lines": 0}, "missing_lines": [59, 60, 61], "excluded_lines": []}, "verbosity": {"executed_lines": [], "summary": {"covered_lines": 0, "num_statements": 1, "percent_covered": 0.0, "percent_covered_display": "0", "missing_lines": 1, "excluded_lines": 0}, "missing_lines": [76], "excluded_lines": []}, "verify_sample_from_R1": {"executed_lines": [93, 94, 95, 96, 97, 98, 99, 100, 101, 102, 105, 107, 108, 109, 110, 111, 112, 113, 116, 117, 118, 119], "summary": {"covered_lines": 22, "num_statements": 23, "percent_covered": 95.65217391304348, "percent_covered_display": "96", "missing_lines": 1, "excluded_lines": 0}, "missing_lines": [115], "excluded_lines": []}, "parse_directories": {"executed_lines": [139, 142, 144, 145, 146, 147, 148], "summary": {"covered_lines": 7, "num_statements": 7, "percent_covered": 100.0, "percent_covered_display": "100", "missing_lines": 0, "excluded_lines": 0}, "missing_lines": [], "excluded_lines": []}, "asap_to_kite": {"executed_lines": [181, 182, 183, 185, 186, 187, 190, 191, 194, 202, 206, 207, 208], "summary": {"covered_lines": 13, "num_statements": 15, "percent_covered": 86.66666666666667, "percent_covered_display": "87", "missing_lines": 2, "excluded_lines": 0}, "missing_lines": [196, 198], "excluded_lines": []}, "main": {"executed_lines": [], "summary": {"covered_lines": 0, "num_statements": 55, "percent_covered": 0.0, "percent_covered_display": "0", "missing_lines": 55, "excluded_lines": 0}, "missing_lines": [299, 300, 301, 302, 304, 306, 307, 308, 310, 313, 314, 315, 317, 318, 319, 320, 321, 322, 323, 324, 326, 327, 328, 329, 331, 332, 333, 334, 335, 336, 337, 338, 339, 340, 341, 342, 345, 346, 347, 349, 350, 351, 364, 365, 375, 376, 377, 379, 380, 381, 383, 384, 385, 387, 389], "excluded_lines": []}, "": {"executed_lines": [1, 2, 3, 4, 5, 6, 7, 9, 10, 11, 14, 18, 19, 20, 21, 22, 24, 26, 27, 28, 33, 34, 35, 38, 39, 40, 43, 44, 46, 54, 57, 64, 65, 80, 122, 151, 152, 211, 212, 213], "summary": {"covered_lines": 40, "num_statements": 40, "percent_covered": 100.0, "percent_covered_display": "100", "missing_lines": 0, "excluded_lines": 2}, "missing_lines": [], "excluded_lines": [29, 30]}}, "classes": {"Conjugation": {"executed_lines": [], "summary": {"covered_lines": 0, "num_statements": 0, "percent_covered": 100.0, "percent_covered_display": "100", "missing_lines": 0, "excluded_lines": 0}, "missing_lines": [], "excluded_lines": []}, "FastqSource": {"executed_lines": [], "summary": {"covered_lines": 0, "num_statements": 0, "percent_covered": 100.0, "percent_covered_display": "100", "missing_lines": 0, "excluded_lines": 0}, "missing_lines": [], "excluded_lines": []}, "": {"executed_lines": [1, 2, 3, 4, 5, 6, 7, 9, 10, 11, 14, 18, 19, 20, 21, 22, 24, 26, 27, 28, 33, 34, 35, 38, 39, 40, 43, 44, 46, 54, 57, 64, 65, 80, 93, 94, 95, 96, 97, 98, 99, 100, 101, 102, 105, 107, 108, 109, 110, 111, 112, 113, 116, 117, 118, 119, 122, 139, 142, 144, 145, 146, 147, 148, 151, 152, 181, 182, 183, 185, 186, 187, 190, 191, 194, 202, 206, 207, 208, 211, 212, 213], "summary": {"covered_lines": 82, "num_statements": 144, "percent_covered": 56.94444444444444, "percent_covered_display": "57", "missing_lines": 62, "excluded_lines": 2}, "missing_lines": [59, 60, 61, 76, 115, 196, 198, 299, 300, 301, 302, 304, 306, 307, 308, 310, 313, 314, 315, 317, 318, 319, 320, 321, 322, 323, 324, 326, 327, 328, 329, 331, 332, 333, 334, 335, 336, 337, 338, 339, 340, 341, 342, 345, 346, 347, 349, 350, 351, 364, 365, 375, 376, 377, 379, 380, 381, 383, 384, 385, 387, 389], "excluded_lines": [29, 30]}}}, ".nox/test-3-14/lib/python3.14/site-packages/asap_o_matic/logger.py": {"executed_lines": [1, 2, 3, 4, 6, 11], "summary": {"covered_lines": 6, "num_statements": 30, "percent_covered": 20.0, "percent_covered_display": "20", "missing_lines": 24, "excluded_lines": 0}, "missing_lines": [12, 14, 15, 16, 17, 18, 19, 20, 21, 22, 23, 24, 25, 26, 27, 28, 29, 30, 32, 33, 34, 36, 38, 44], "excluded_lines": [], "functions": {"init_logger": {"executed_lines": [], "summary": {"covered_lines": 0, "num_statements": 24, "percent_covered": 0.0, "percent_covered_display": "0", "missing_lines": 24, "excluded_lines": 0}, "missing_lines": [12, 14, 15, 16, 17, 18, 19, 20, 21, 22, 23, 24, 25, 26, 27, 28, 29, 30, 32, 33, 34, 36, 38, 44], "excluded_lines": []}, "": {"executed_lines": [1, 2, 3, 4, 6, 11], "summary": {"covered_lines": 6, "num_statements": 6, "percent_covered": 100.0, "percent_covered_display": "100", "missing_lines": 0, "excluded_lines": 0}, "missing_lines": [], "excluded_lines": []}}, "classes": {"": {"executed_lines": [1, 2, 3, 4, 6, 11], "summary": {"covered_lines": 6, "num_statements": 30, "percent_covered": 20.0, "percent_covered_display": "20", "missing_lines": 24, "excluded_lines": 0}, "missing_lines": [12, 14, 15, 16, 17, 18, 19, 20, 21, 22, 23, 24, 25, 26, 27, 28, 29, 30, 32, 33, 34, 36, 38, 44], "excluded_lines": []}}}}, "totals": {"covered_lines": 90, "num_statements": 176, "percent_covered": 51.13636363636363, "percent_covered_display": "51", "missing_lines": 86, "excluded_lines": 2}}